Example app listening on port 3000!
views folder removed!
views folder was recreated!
change from error.html,index.html,romaji-converter.html
./views/error.html:  Successfully renamed - AKA moved!
./views/index.html:  Successfully renamed - AKA moved!
./views/romaji-converter.html:  Successfully renamed - AKA moved!
Example app listening on port 3000!
views folder removed!
views folder was recreated!
change from error.html,index.html,romaji-converter.html
./views/error.html:  Successfully renamed - AKA moved!
./views/index.html:  Successfully renamed - AKA moved!
./views/romaji-converter.html:  Successfully renamed - AKA moved!
files :error.ejs,index.ejs,romaji-converter.ejs
romaji-converter.ejs
[ 'romaji-converter' ]
files :error.ejs,index.ejs,romaji-converter.ejs
romaji-converter.ejs
[ 'romaji-converter' ]
files :error.ejs,index.ejs,romaji-converter.ejs
romaji-converter.ejs
[ 'romaji-converter' ]
files :error.ejs,index.ejs,romaji-converter.ejs
romaji-converter.ejs
[ 'romaji-converter' ]
files :error.ejs,index.ejs,romaji-converter.ejs
romaji-converter.ejs
[ 'romaji-converter' ]
files :error.ejs,index.ejs,romaji-converter.ejs
romaji-converter.ejs
[ 'romaji-converter' ]
files :error.ejs,index.ejs,romaji-converter.ejs
romaji-converter.ejs
[ 'romaji-converter' ]
Example app listening on port 3000!
views folder removed!
views folder was recreated!
change from error.html,index.html,romaji-converter.html
./views/error.html:  Successfully renamed - AKA moved!
./views/index.html:  Successfully renamed - AKA moved!
./views/romaji-converter.html:  Successfully renamed - AKA moved!
